----------------------------------------------------------------
2014-04-28 14:57:05.120 GMT:
 Booting Derby version The Apache Software Foundation - Apache Derby - 10.5.3.0 - (802917): instance a816c00e-0145-a8d6-d8d3-00000d9dfad0
on database directory /home/xumakgt5/Desarrollo/Apache/sling/bundles/jcr/it-jackrabbit-oak/jackrabbit/version/db  

Database Class Loader started - derby.database.classpath=''
----------------------------------------------------------------
2014-04-28 14:57:13.630 GMT:
 Booting Derby version The Apache Software Foundation - Apache Derby - 10.5.3.0 - (802917): instance 9a4840c2-0145-a8d6-d8d3-00000d9dfad0
on database directory /home/xumakgt5/Desarrollo/Apache/sling/bundles/jcr/it-jackrabbit-oak/jackrabbit/workspaces/default/db  

Database Class Loader started - derby.database.classpath=''
----------------------------------------------------------------
2014-04-28 14:57:22.084 GMT:
 Booting Derby version The Apache Software Foundation - Apache Derby - 10.5.3.0 - (802917): instance c8300181-0145-a8d6-d8d3-00000d9dfad0
on database directory /home/xumakgt5/Desarrollo/Apache/sling/bundles/jcr/it-jackrabbit-oak/jackrabbit/workspaces/security/db  

Database Class Loader started - derby.database.classpath=''

2014-04-28 14:57:33.482 GMT:
Shutting down instance 9a4840c2-0145-a8d6-d8d3-00000d9dfad0
----------------------------------------------------------------

2014-04-28 14:57:34.274 GMT:
Shutting down instance c8300181-0145-a8d6-d8d3-00000d9dfad0
----------------------------------------------------------------

2014-04-28 14:57:35.121 GMT:
Shutting down instance a816c00e-0145-a8d6-d8d3-00000d9dfad0
----------------------------------------------------------------
